[2023-02-08 11:43:23] local.ERROR: Token could not be parsed from the request. {"exception":"[object] (Tymon\\JWTAuth\\Exceptions\\JWTException(code: 0): Token could not be parsed from the request. at C:\\xampp\\htdocs\\todo\\vendor\\tymon\\jwt-auth\\src\\JWTGuard.php:402)
[stacktrace]
#0 C:\\xampp\\htdocs\\todo\\vendor\\tymon\\jwt-auth\\src\\JWTGuard.php(167): Tymon\\JWTAuth\\JWTGuard->requireToken()
#1 C:\\xampp\\htdocs\\todo\\vendor\\illuminate\\auth\\AuthManager.php(340): Tymon\\JWTAuth\\JWTGuard->refresh()
#2 C:\\xampp\\htdocs\\todo\\app\\Http\\Controllers\\AuthController.php(96): Illuminate\\Auth\\AuthManager->__call('refresh', Array)
#3 C:\\xampp\\htdocs\\todo\\vendor\\illuminate\\container\\BoundMethod.php(36): App\\Http\\Controllers\\AuthController->refresh()
#4 C:\\xampp\\htdocs\\todo\\vendor\\illuminate\\container\\Util.php(41): Illuminate\\Container\\BoundMethod::Illuminate\\Container\\{closure}()
#5 C:\\xampp\\htdocs\\todo\\vendor\\illuminate\\container\\BoundMethod.php(93): Illuminate\\Container\\Util::unwrapIfClosure(Object(Closure))
#6 C:\\xampp\\htdocs\\todo\\vendor\\illuminate\\container\\BoundMethod.php(35): Illuminate\\Container\\BoundMethod::callBoundMethod(Object(Laravel\\Lumen\\Application), Array, Object(Closure))
#7 C:\\xampp\\htdocs\\todo\\vendor\\illuminate\\container\\Container.php(661): Illuminate\\Container\\BoundMethod::call(Object(Laravel\\Lumen\\Application), Array, Array, NULL)
#8 C:\\xampp\\htdocs\\todo\\vendor\\laravel\\lumen-framework\\src\\Concerns\\RoutesRequests.php(391): Illuminate\\Container\\Container->call(Array, Array)
#9 C:\\xampp\\htdocs\\todo\\vendor\\laravel\\lumen-framework\\src\\Concerns\\RoutesRequests.php(356): Laravel\\Lumen\\Application->callControllerCallable(Array, Array)
#10 C:\\xampp\\htdocs\\todo\\vendor\\laravel\\lumen-framework\\src\\Concerns\\RoutesRequests.php(331): Laravel\\Lumen\\Application->callLumenController(Object(App\\Http\\Controllers\\AuthController), 'refresh', Array)
#11 C:\\xampp\\htdocs\\todo\\vendor\\laravel\\lumen-framework\\src\\Concerns\\RoutesRequests.php(284): Laravel\\Lumen\\Application->callControllerAction(Array)
#12 C:\\xampp\\htdocs\\todo\\vendor\\laravel\\lumen-framework\\src\\Concerns\\RoutesRequests.php(269): Laravel\\Lumen\\Application->callActionOnArrayBasedRoute(Array)
#13 C:\\xampp\\htdocs\\todo\\vendor\\laravel\\lumen-framework\\src\\Concerns\\RoutesRequests.php(171): Laravel\\Lumen\\Application->handleFoundRoute(Array)
#14 C:\\xampp\\htdocs\\todo\\vendor\\laravel\\lumen-framework\\src\\Routing\\Pipeline.php(48): Laravel\\Lumen\\Application->Laravel\\Lumen\\Concerns\\{closure}(Object(Laravel\\Lumen\\Http\\Request))
#15 C:\\xampp\\htdocs\\todo\\app\\Http\\Middleware\\ExampleMiddleware.php(18): Laravel\\Lumen\\Routing\\Pipeline->Laravel\\Lumen\\Routing\\{closure}(Object(Laravel\\Lumen\\Http\\Request))
#16 C:\\xampp\\htdocs\\todo\\vendor\\illuminate\\pipeline\\Pipeline.php(180): App\\Http\\Middleware\\ExampleMiddleware->handle(Object(Laravel\\Lumen\\Http\\Request), Object(Closure))
#17 C:\\xampp\\htdocs\\todo\\vendor\\laravel\\lumen-framework\\src\\Routing\\Pipeline.php(30): Illuminate\\Pipeline\\Pipeline->Illuminate\\Pipeline\\{closure}(Object(Laravel\\Lumen\\Http\\Request))
#18 C:\\xampp\\htdocs\\todo\\vendor\\illuminate\\pipeline\\Pipeline.php(116): Laravel\\Lumen\\Routing\\Pipeline->Laravel\\Lumen\\Routing\\{closure}(Object(Laravel\\Lumen\\Http\\Request))
#19 C:\\xampp\\htdocs\\todo\\vendor\\laravel\\lumen-framework\\src\\Concerns\\RoutesRequests.php(428): Illuminate\\Pipeline\\Pipeline->then(Object(Closure))
#20 C:\\xampp\\htdocs\\todo\\vendor\\laravel\\lumen-framework\\src\\Concerns\\RoutesRequests.php(167): Laravel\\Lumen\\Application->sendThroughPipeline(Array, Object(Closure))
#21 C:\\xampp\\htdocs\\todo\\vendor\\laravel\\lumen-framework\\src\\Concerns\\RoutesRequests.php(112): Laravel\\Lumen\\Application->dispatch(NULL)
#22 C:\\xampp\\htdocs\\todo\\public\\index.php(28): Laravel\\Lumen\\Application->run()
#23 {main}
"} 
[2023-02-08 11:44:58] local.ERROR: The token has been blacklisted {"exception":"[object] (Tymon\\JWTAuth\\Exceptions\\TokenBlacklistedException(code: 0): The token has been blacklisted at C:\\xampp\\htdocs\\todo\\vendor\\tymon\\jwt-auth\\src\\Manager.php:106)
[stacktrace]
#0 C:\\xampp\\htdocs\\todo\\vendor\\tymon\\jwt-auth\\src\\Manager.php(124): Tymon\\JWTAuth\\Manager->decode(Object(Tymon\\JWTAuth\\Token))
#1 C:\\xampp\\htdocs\\todo\\vendor\\tymon\\jwt-auth\\src\\JWT.php(102): Tymon\\JWTAuth\\Manager->refresh(Object(Tymon\\JWTAuth\\Token), false, false)
#2 C:\\xampp\\htdocs\\todo\\vendor\\tymon\\jwt-auth\\src\\JWTGuard.php(167): Tymon\\JWTAuth\\JWT->refresh(false, false)
#3 C:\\xampp\\htdocs\\todo\\vendor\\illuminate\\auth\\AuthManager.php(340): Tymon\\JWTAuth\\JWTGuard->refresh()
#4 C:\\xampp\\htdocs\\todo\\app\\Http\\Controllers\\AuthController.php(96): Illuminate\\Auth\\AuthManager->__call('refresh', Array)
#5 C:\\xampp\\htdocs\\todo\\vendor\\illuminate\\container\\BoundMethod.php(36): App\\Http\\Controllers\\AuthController->refresh()
#6 C:\\xampp\\htdocs\\todo\\vendor\\illuminate\\container\\Util.php(41): Illuminate\\Container\\BoundMethod::Illuminate\\Container\\{closure}()
#7 C:\\xampp\\htdocs\\todo\\vendor\\illuminate\\container\\BoundMethod.php(93): Illuminate\\Container\\Util::unwrapIfClosure(Object(Closure))
#8 C:\\xampp\\htdocs\\todo\\vendor\\illuminate\\container\\BoundMethod.php(35): Illuminate\\Container\\BoundMethod::callBoundMethod(Object(Laravel\\Lumen\\Application), Array, Object(Closure))
#9 C:\\xampp\\htdocs\\todo\\vendor\\illuminate\\container\\Container.php(661): Illuminate\\Container\\BoundMethod::call(Object(Laravel\\Lumen\\Application), Array, Array, NULL)
#10 C:\\xampp\\htdocs\\todo\\vendor\\laravel\\lumen-framework\\src\\Concerns\\RoutesRequests.php(391): Illuminate\\Container\\Container->call(Array, Array)
#11 C:\\xampp\\htdocs\\todo\\vendor\\laravel\\lumen-framework\\src\\Concerns\\RoutesRequests.php(356): Laravel\\Lumen\\Application->callControllerCallable(Array, Array)
#12 C:\\xampp\\htdocs\\todo\\vendor\\laravel\\lumen-framework\\src\\Concerns\\RoutesRequests.php(331): Laravel\\Lumen\\Application->callLumenController(Object(App\\Http\\Controllers\\AuthController), 'refresh', Array)
#13 C:\\xampp\\htdocs\\todo\\vendor\\laravel\\lumen-framework\\src\\Concerns\\RoutesRequests.php(284): Laravel\\Lumen\\Application->callControllerAction(Array)
#14 C:\\xampp\\htdocs\\todo\\vendor\\laravel\\lumen-framework\\src\\Concerns\\RoutesRequests.php(269): Laravel\\Lumen\\Application->callActionOnArrayBasedRoute(Array)
#15 C:\\xampp\\htdocs\\todo\\vendor\\laravel\\lumen-framework\\src\\Concerns\\RoutesRequests.php(171): Laravel\\Lumen\\Application->handleFoundRoute(Array)
#16 C:\\xampp\\htdocs\\todo\\vendor\\laravel\\lumen-framework\\src\\Routing\\Pipeline.php(48): Laravel\\Lumen\\Application->Laravel\\Lumen\\Concerns\\{closure}(Object(Laravel\\Lumen\\Http\\Request))
#17 C:\\xampp\\htdocs\\todo\\app\\Http\\Middleware\\ExampleMiddleware.php(18): Laravel\\Lumen\\Routing\\Pipeline->Laravel\\Lumen\\Routing\\{closure}(Object(Laravel\\Lumen\\Http\\Request))
#18 C:\\xampp\\htdocs\\todo\\vendor\\illuminate\\pipeline\\Pipeline.php(180): App\\Http\\Middleware\\ExampleMiddleware->handle(Object(Laravel\\Lumen\\Http\\Request), Object(Closure))
#19 C:\\xampp\\htdocs\\todo\\vendor\\laravel\\lumen-framework\\src\\Routing\\Pipeline.php(30): Illuminate\\Pipeline\\Pipeline->Illuminate\\Pipeline\\{closure}(Object(Laravel\\Lumen\\Http\\Request))
#20 C:\\xampp\\htdocs\\todo\\vendor\\illuminate\\pipeline\\Pipeline.php(116): Laravel\\Lumen\\Routing\\Pipeline->Laravel\\Lumen\\Routing\\{closure}(Object(Laravel\\Lumen\\Http\\Request))
#21 C:\\xampp\\htdocs\\todo\\vendor\\laravel\\lumen-framework\\src\\Concerns\\RoutesRequests.php(428): Illuminate\\Pipeline\\Pipeline->then(Object(Closure))
#22 C:\\xampp\\htdocs\\todo\\vendor\\laravel\\lumen-framework\\src\\Concerns\\RoutesRequests.php(167): Laravel\\Lumen\\Application->sendThroughPipeline(Array, Object(Closure))
#23 C:\\xampp\\htdocs\\todo\\vendor\\laravel\\lumen-framework\\src\\Concerns\\RoutesRequests.php(112): Laravel\\Lumen\\Application->dispatch(NULL)
#24 C:\\xampp\\htdocs\\todo\\public\\index.php(28): Laravel\\Lumen\\Application->run()
#25 {main}
"} 
[2023-02-08 11:45:05] local.ERROR: The token has been blacklisted {"exception":"[object] (Tymon\\JWTAuth\\Exceptions\\TokenBlacklistedException(code: 0): The token has been blacklisted at C:\\xampp\\htdocs\\todo\\vendor\\tymon\\jwt-auth\\src\\Manager.php:106)
[stacktrace]
#0 C:\\xampp\\htdocs\\todo\\vendor\\tymon\\jwt-auth\\src\\Manager.php(124): Tymon\\JWTAuth\\Manager->decode(Object(Tymon\\JWTAuth\\Token))
#1 C:\\xampp\\htdocs\\todo\\vendor\\tymon\\jwt-auth\\src\\JWT.php(102): Tymon\\JWTAuth\\Manager->refresh(Object(Tymon\\JWTAuth\\Token), false, false)
#2 C:\\xampp\\htdocs\\todo\\vendor\\tymon\\jwt-auth\\src\\JWTGuard.php(167): Tymon\\JWTAuth\\JWT->refresh(false, false)
#3 C:\\xampp\\htdocs\\todo\\vendor\\illuminate\\auth\\AuthManager.php(340): Tymon\\JWTAuth\\JWTGuard->refresh()
#4 C:\\xampp\\htdocs\\todo\\app\\Http\\Controllers\\AuthController.php(96): Illuminate\\Auth\\AuthManager->__call('refresh', Array)
#5 C:\\xampp\\htdocs\\todo\\vendor\\illuminate\\container\\BoundMethod.php(36): App\\Http\\Controllers\\AuthController->refresh()
#6 C:\\xampp\\htdocs\\todo\\vendor\\illuminate\\container\\Util.php(41): Illuminate\\Container\\BoundMethod::Illuminate\\Container\\{closure}()
#7 C:\\xampp\\htdocs\\todo\\vendor\\illuminate\\container\\BoundMethod.php(93): Illuminate\\Container\\Util::unwrapIfClosure(Object(Closure))
#8 C:\\xampp\\htdocs\\todo\\vendor\\illuminate\\container\\BoundMethod.php(35): Illuminate\\Container\\BoundMethod::callBoundMethod(Object(Laravel\\Lumen\\Application), Array, Object(Closure))
#9 C:\\xampp\\htdocs\\todo\\vendor\\illuminate\\container\\Container.php(661): Illuminate\\Container\\BoundMethod::call(Object(Laravel\\Lumen\\Application), Array, Array, NULL)
#10 C:\\xampp\\htdocs\\todo\\vendor\\laravel\\lumen-framework\\src\\Concerns\\RoutesRequests.php(391): Illuminate\\Container\\Container->call(Array, Array)
#11 C:\\xampp\\htdocs\\todo\\vendor\\laravel\\lumen-framework\\src\\Concerns\\RoutesRequests.php(356): Laravel\\Lumen\\Application->callControllerCallable(Array, Array)
#12 C:\\xampp\\htdocs\\todo\\vendor\\laravel\\lumen-framework\\src\\Concerns\\RoutesRequests.php(331): Laravel\\Lumen\\Application->callLumenController(Object(App\\Http\\Controllers\\AuthController), 'refresh', Array)
#13 C:\\xampp\\htdocs\\todo\\vendor\\laravel\\lumen-framework\\src\\Concerns\\RoutesRequests.php(284): Laravel\\Lumen\\Application->callControllerAction(Array)
#14 C:\\xampp\\htdocs\\todo\\vendor\\laravel\\lumen-framework\\src\\Concerns\\RoutesRequests.php(269): Laravel\\Lumen\\Application->callActionOnArrayBasedRoute(Array)
#15 C:\\xampp\\htdocs\\todo\\vendor\\laravel\\lumen-framework\\src\\Concerns\\RoutesRequests.php(171): Laravel\\Lumen\\Application->handleFoundRoute(Array)
#16 C:\\xampp\\htdocs\\todo\\vendor\\laravel\\lumen-framework\\src\\Routing\\Pipeline.php(48): Laravel\\Lumen\\Application->Laravel\\Lumen\\Concerns\\{closure}(Object(Laravel\\Lumen\\Http\\Request))
#17 C:\\xampp\\htdocs\\todo\\app\\Http\\Middleware\\ExampleMiddleware.php(18): Laravel\\Lumen\\Routing\\Pipeline->Laravel\\Lumen\\Routing\\{closure}(Object(Laravel\\Lumen\\Http\\Request))
#18 C:\\xampp\\htdocs\\todo\\vendor\\illuminate\\pipeline\\Pipeline.php(180): App\\Http\\Middleware\\ExampleMiddleware->handle(Object(Laravel\\Lumen\\Http\\Request), Object(Closure))
#19 C:\\xampp\\htdocs\\todo\\vendor\\laravel\\lumen-framework\\src\\Routing\\Pipeline.php(30): Illuminate\\Pipeline\\Pipeline->Illuminate\\Pipeline\\{closure}(Object(Laravel\\Lumen\\Http\\Request))
#20 C:\\xampp\\htdocs\\todo\\vendor\\illuminate\\pipeline\\Pipeline.php(116): Laravel\\Lumen\\Routing\\Pipeline->Laravel\\Lumen\\Routing\\{closure}(Object(Laravel\\Lumen\\Http\\Request))
#21 C:\\xampp\\htdocs\\todo\\vendor\\laravel\\lumen-framework\\src\\Concerns\\RoutesRequests.php(428): Illuminate\\Pipeline\\Pipeline->then(Object(Closure))
#22 C:\\xampp\\htdocs\\todo\\vendor\\laravel\\lumen-framework\\src\\Concerns\\RoutesRequests.php(167): Laravel\\Lumen\\Application->sendThroughPipeline(Array, Object(Closure))
#23 C:\\xampp\\htdocs\\todo\\vendor\\laravel\\lumen-framework\\src\\Concerns\\RoutesRequests.php(112): Laravel\\Lumen\\Application->dispatch(NULL)
#24 C:\\xampp\\htdocs\\todo\\public\\index.php(28): Laravel\\Lumen\\Application->run()
#25 {main}
"} 
